<?xml version="1.0" encoding="utf-8"?><testsuites name="pytest tests"><testsuite name="pytest" errors="0" failures="0" skipped="0" tests="9" time="2.474" timestamp="2026-08-03T21:26:35.152930+00:00" hostname="agent-env-4b7be3a6-4db1-4fba-8dbe-dc3149eaa820"><testcase classname="backend.tests.test_applications_for_payment.TestReference" name="test_reference" time="0.427" /><testcase classname="backend.tests.test_applications_for_payment.TestMathRegression" name="test_totals_and_ref_autogen" time="0.065" /><testcase classname="backend.tests.test_applications_for_payment.TestMathRegression" name="test_ref_increments" time="0.062" /><testcase classname="backend.tests.test_applications_for_payment.TestStatusFlow" name="test_draft_submitted_certified_paid" time="0.374" /><testcase classname="backend.tests.test_applications_for_payment.TestOverdue" name="test_overdue_filter" time="0.193" /><testcase classname="backend.tests.test_applications_for_payment.TestVariationAutoPull" name="test_approved_variations_auto_populate" time="0.337" /><testcase classname="backend.tests.test_applications_for_payment.TestReverseCharge" name="test_reverse_charge_no_vat" time="0.067" /><testcase classname="backend.tests.test_applications_for_payment.TestTemplates" name="test_template_crud" time="0.209" /><testcase classname="backend.tests.test_applications_for_payment" name="test_zzz_cleanup" time="0.651" /></testsuite></testsuites>