<?xml version="1.0" encoding="utf-8"?><testsuites name="pytest tests"><testsuite name="pytest" errors="0" failures="0" skipped="0" tests="12" time="2.312" timestamp="2026-08-02T08:45:50.078212+00:00" hostname="agent-env-4b7be3a6-4db1-4fba-8dbe-dc3149eaa820"><testcase classname="backend.tests.test_compliance" name="test_get_types" time="0.680" /><testcase classname="backend.tests.test_compliance" name="test_create_item_and_days_until_expiry" time="0.094" /><testcase classname="backend.tests.test_compliance" name="test_create_item_invalid_category" time="0.139" /><testcase classname="backend.tests.test_compliance" name="test_create_item_missing_name" time="0.094" /><testcase classname="backend.tests.test_compliance" name="test_list_items_returns_created" time="0.124" /><testcase classname="backend.tests.test_compliance" name="test_list_items_filter_by_category" time="0.125" /><testcase classname="backend.tests.test_compliance" name="test_summary_structure_and_counts" time="0.091" /><testcase classname="backend.tests.test_compliance" name="test_patch_item" time="0.093" /><testcase classname="backend.tests.test_compliance" name="test_attention_includes_soon_expiring_compliance" time="0.222" /><testcase classname="backend.tests.test_compliance" name="test_delete_item_soft" time="0.285" /><testcase classname="backend.tests.test_compliance" name="test_cleanup" time="0.195" /><testcase classname="backend.tests.test_compliance" name="test_items_requires_auth" time="0.099" /></testsuite></testsuites>