<?xml version="1.0" encoding="utf-8"?><testsuites name="pytest tests"><testsuite name="pytest" errors="0" failures="0" skipped="0" tests="25" time="11.231" timestamp="2026-08-04T21:04:05.306069+00:00" hostname="agent-env-4b7be3a6-4db1-4fba-8dbe-dc3149eaa820"><testcase classname="backend.tests.test_contracts_v2.TestReference" name="test_reference_returns_all_lists" time="0.783" /><testcase classname="backend.tests.test_contracts_v2.TestContractCRUD" name="test_create_requires_project" time="0.159" /><testcase classname="backend.tests.test_contracts_v2.TestContractCRUD" name="test_create_requires_title_or_employer" time="0.161" /><testcase classname="backend.tests.test_contracts_v2.TestContractCRUD" name="test_create_contract_auto_ref" time="0.162" /><testcase classname="backend.tests.test_contracts_v2.TestContractCRUD" name="test_list_contains_created_with_live_fields" time="0.180" /><testcase classname="backend.tests.test_contracts_v2.TestContractCRUD" name="test_list_filter_by_project_and_q" time="0.335" /><testcase classname="backend.tests.test_contracts_v2.TestContractCRUD" name="test_get_one_has_linked_and_rollup" time="0.172" /><testcase classname="backend.tests.test_contracts_v2.TestContractCRUD" name="test_patch_updates_fields" time="0.167" /><testcase classname="backend.tests.test_contracts_v2.TestContractCRUD" name="test_get_unknown_returns_404" time="0.237" /><testcase classname="backend.tests.test_contracts_v2.TestStatus" name="test_invalid_status_400" time="0.176" /><testcase classname="backend.tests.test_contracts_v2.TestStatus" name="test_activate_records_history_and_timestamp" time="0.176" /><testcase classname="backend.tests.test_contracts_v2.TestStatus" name="test_live_status_flips_to_expiring_soon" time="0.761" /><testcase classname="backend.tests.test_contracts_v2.TestMilestones" name="test_add_update_delete_milestone_and_overdue_count" time="0.688" /><testcase classname="backend.tests.test_contracts_v2.TestNotices" name="test_notice_lifecycle_and_due_count" time="0.828" /><testcase classname="backend.tests.test_contracts_v2.TestStatsAndProjectSummary" name="test_stats_shape" time="0.170" /><testcase classname="backend.tests.test_contracts_v2.TestStatsAndProjectSummary" name="test_project_summary" time="0.185" /><testcase classname="backend.tests.test_contracts_v2.TestTemplates" name="test_template_roundtrip" time="0.704" /><testcase classname="backend.tests.test_contracts_v2.TestSearchAndAttention" name="test_global_search_by_contract_ref" time="0.390" /><testcase classname="backend.tests.test_contracts_v2.TestSearchAndAttention" name="test_attention_includes_contract_kinds" time="0.775" /><testcase classname="backend.tests.test_contracts_v2.TestCrossUserIsolation" name="test_other_user_cannot_see_contracts_or_templates" time="2.012" /><testcase classname="backend.tests.test_contracts_v2.TestRegressionOtherFlagshipTools" name="test_reference_and_stats[/api/purchase-orders]" time="0.349" /><testcase classname="backend.tests.test_contracts_v2.TestRegressionOtherFlagshipTools" name="test_reference_and_stats[/api/invoice-builder]" time="0.340" /><testcase classname="backend.tests.test_contracts_v2.TestRegressionOtherFlagshipTools" name="test_reference_and_stats[/api/applications-for-payment]" time="0.324" /><testcase classname="backend.tests.test_contracts_v2.TestRegressionOtherFlagshipTools" name="test_reference_and_stats[/api/variation-orders]" time="0.546" /><testcase classname="backend.tests.test_contracts_v2.TestZCleanup" name="test_soft_delete_contract" time="0.341" /></testsuite></testsuites>