<?xml version="1.0" encoding="utf-8"?><testsuites name="pytest tests"><testsuite name="pytest" errors="0" failures="0" skipped="0" tests="22" time="4.797" timestamp="2026-08-04T18:31:11.864272+00:00" hostname="agent-env-4b7be3a6-4db1-4fba-8dbe-dc3149eaa820"><testcase classname="backend.tests.test_global_search.TestShape" name="test_search_endpoint_reachable" time="0.608" /><testcase classname="backend.tests.test_global_search.TestShape" name="test_result_item_shape" time="0.674" /><testcase classname="backend.tests.test_global_search.TestCrossCollection" name="test_alice_returns_client_project_invoice" time="0.143" /><testcase classname="backend.tests.test_global_search.TestCrossCollection" name="test_scope_projects_returns_only_project" time="0.130" /><testcase classname="backend.tests.test_global_search.TestCrossCollection" name="test_scope_invoices_returns_invoice" time="0.136" /><testcase classname="backend.tests.test_global_search.TestRanking" name="test_exact_title_ranks_first" time="0.145" /><testcase classname="backend.tests.test_global_search.TestScopesEmpty" name="test_empty_q_scope_returns_list[projects]" time="0.135" /><testcase classname="backend.tests.test_global_search.TestScopesEmpty" name="test_empty_q_scope_returns_list[documents]" time="0.130" /><testcase classname="backend.tests.test_global_search.TestScopesEmpty" name="test_empty_q_scope_returns_list[quotes]" time="0.137" /><testcase classname="backend.tests.test_global_search.TestScopesEmpty" name="test_empty_q_scope_returns_list[variations]" time="0.132" /><testcase classname="backend.tests.test_global_search.TestScopesEmpty" name="test_empty_q_scope_returns_list[applications]" time="0.130" /><testcase classname="backend.tests.test_global_search.TestScopesEmpty" name="test_empty_q_scope_returns_list[invoices]" time="0.139" /><testcase classname="backend.tests.test_global_search.TestScopesEmpty" name="test_empty_q_scope_returns_list[site-diary]" time="0.140" /><testcase classname="backend.tests.test_global_search.TestScopesEmpty" name="test_empty_q_scope_returns_list[incidents]" time="0.137" /><testcase classname="backend.tests.test_global_search.TestScopesEmpty" name="test_empty_q_scope_returns_list[risks]" time="0.219" /><testcase classname="backend.tests.test_global_search.TestScopesEmpty" name="test_empty_q_scope_returns_list[photos]" time="0.155" /><testcase classname="backend.tests.test_global_search.TestScopesEmpty" name="test_empty_q_scope_returns_list[drafts]" time="0.127" /><testcase classname="backend.tests.test_global_search.TestScopesEmpty" name="test_empty_q_scope_returns_list[tasks]" time="0.140" /><testcase classname="backend.tests.test_global_search.TestScopesEmpty" name="test_scope_tools_returns_catalogue" time="0.128" /><testcase classname="backend.tests.test_global_search.TestScopesEmpty" name="test_scope_all_empty_q_includes_tools" time="0.133" /><testcase classname="backend.tests.test_global_search.TestIsolation" name="test_missing_token_401" time="0.126" /><testcase classname="backend.tests.test_global_search.TestIsolation" name="test_no_leak_between_users" time="0.779" /></testsuite></testsuites>