<?xml version="1.0" encoding="utf-8"?><testsuites name="pytest tests"><testsuite name="pytest" errors="0" failures="0" skipped="0" tests="14" time="2.753" timestamp="2026-08-03T08:57:45.865546+00:00" hostname="agent-env-4b7be3a6-4db1-4fba-8dbe-dc3149eaa820"><testcase classname="backend.tests.test_incident_report.TestReference" name="test_reference_lists" time="0.110" /><testcase classname="backend.tests.test_incident_report.TestEntries" name="test_create_missing_date_400" time="0.411" /><testcase classname="backend.tests.test_incident_report.TestEntries" name="test_create_missing_type_400" time="0.106" /><testcase classname="backend.tests.test_incident_report.TestEntries" name="test_create_full_payload" time="0.092" /><testcase classname="backend.tests.test_incident_report.TestEntries" name="test_list_entries" time="0.098" /><testcase classname="backend.tests.test_incident_report.TestEntries" name="test_patch_status_and_fav" time="0.097" /><testcase classname="backend.tests.test_incident_report.TestEntries" name="test_patch_unknown_404" time="0.097" /><testcase classname="backend.tests.test_incident_report.TestEntries" name="test_delete_soft" time="0.200" /><testcase classname="backend.tests.test_incident_report.TestEntries" name="test_delete_missing_404" time="0.091" /><testcase classname="backend.tests.test_incident_report.TestStats" name="test_stats_counting" time="0.569" /><testcase classname="backend.tests.test_incident_report.TestStats" name="test_cleanup_stats" time="0.402" /><testcase classname="backend.tests.test_incident_report.TestTemplates" name="test_create_template" time="0.101" /><testcase classname="backend.tests.test_incident_report.TestTemplates" name="test_list_templates" time="0.095" /><testcase classname="backend.tests.test_incident_report.TestTemplates" name="test_delete_template" time="0.191" /></testsuite></testsuites>