<?xml version="1.0" encoding="utf-8"?><testsuites name="pytest tests"><testsuite name="pytest" errors="0" failures="0" skipped="1" tests="10" time="2.165" timestamp="2026-08-03T21:53:38.644034+00:00" hostname="agent-env-4b7be3a6-4db1-4fba-8dbe-dc3149eaa820"><testcase classname="backend.tests.test_invoice_builder" name="test_reference" time="0.640" /><testcase classname="backend.tests.test_invoice_builder" name="test_totals_and_defaults" time="0.076" /><testcase classname="backend.tests.test_invoice_builder" name="test_get_persists" time="0.072" /><testcase classname="backend.tests.test_invoice_builder" name="test_reverse_charge" time="0.076" /><testcase classname="backend.tests.test_invoice_builder" name="test_status_and_payments" time="0.236" /><testcase classname="backend.tests.test_invoice_builder" name="test_overdue_derived" time="0.298" /><testcase classname="backend.tests.test_invoice_builder" name="test_from_application" time="0.228" /><testcase classname="backend.tests.test_invoice_builder" name="test_from_variation" time="0.070"><skipped type="pytest.skip" message="VO module unavailable: 404">/app/backend/tests/test_invoice_builder.py:210: VO module unavailable: 404</skipped></testcase><testcase classname="backend.tests.test_invoice_builder" name="test_templates_crud" time="0.312" /><testcase classname="backend.tests.test_invoice_builder" name="test_stats" time="0.075" /></testsuite></testsuites>