<?xml version="1.0" encoding="utf-8"?><testsuites name="pytest tests"><testsuite name="pytest" errors="0" failures="0" skipped="0" tests="17" time="25.842" timestamp="2026-05-19T23:36:56.219755+00:00" hostname="agent-env-4b7be3a6-4db1-4fba-8dbe-dc3149eaa820"><testcase classname="backend.tests.test_account_delete" name="test_delete_account_no_token" time="0.356" /><testcase classname="backend.tests.test_account_delete" name="test_delete_account_invalid_token" time="0.060" /><testcase classname="backend.tests.test_account_delete" name="test_delete_account_wipes_user_and_related_data" time="0.728" /><testcase classname="backend.tests.test_account_delete" name="test_smoke_existing_endpoints_still_work" time="0.849" /><testcase classname="backend.tests.backend_test" name="test_health" time="0.114" /><testcase classname="backend.tests.backend_test.TestAuthFlow" name="test_signup_verify_login_full_flow" time="0.733" /><testcase classname="backend.tests.backend_test.TestAuthFlow" name="test_login_invalid_creds" time="0.274" /><testcase classname="backend.tests.backend_test.TestAuthFlow" name="test_login_unverified_account" time="0.536" /><testcase classname="backend.tests.backend_test.TestAuthRequired" name="test_me_no_token" time="0.049" /><testcase classname="backend.tests.backend_test.TestAuthRequired" name="test_me_invalid_token" time="0.048" /><testcase classname="backend.tests.backend_test.TestAuthRequired" name="test_documents_no_token" time="0.045" /><testcase classname="backend.tests.backend_test.TestAuthRequired" name="test_cis_no_token" time="0.046" /><testcase classname="backend.tests.backend_test.TestAuthRequired" name="test_generate_no_token" time="0.048" /><testcase classname="backend.tests.backend_test.TestProfile" name="test_profile_update_persists" time="0.375" /><testcase classname="backend.tests.backend_test.TestDocumentsCRUD" name="test_doc_crud_flow" time="0.189" /><testcase classname="backend.tests.backend_test.TestCISCrud" name="test_cis_crud_flow" time="0.189" /><testcase classname="backend.tests.backend_test.TestGenerate" name="test_generate_variation_letter" time="21.112" /></testsuite></testsuites>