<?xml version="1.0" encoding="utf-8"?><testsuites name="pytest tests"><testsuite name="pytest" errors="0" failures="0" skipped="0" tests="9" time="63.208" timestamp="2026-09-07T18:44:53.210960+00:00" hostname="agent-env-4b7be3a6-4db1-4fba-8dbe-dc3149eaa820"><testcase classname="tests.test_measurement_record_signoff" name="test_bug1_role_empty_no_placeholder[1]" time="32.819" /><testcase classname="tests.test_measurement_record_signoff" name="test_bug1_role_empty_no_placeholder[2]" time="4.422" /><testcase classname="tests.test_measurement_record_signoff" name="test_bug2_role_set_director[1]" time="3.967" /><testcase classname="tests.test_measurement_record_signoff" name="test_bug2_role_set_director[2]" time="4.230" /><testcase classname="tests.test_measurement_record_signoff" name="test_bug3_single_signoff[1]" time="4.023" /><testcase classname="tests.test_measurement_record_signoff" name="test_bug3_single_signoff[2]" time="4.650" /><testcase classname="tests.test_measurement_record_signoff" name="test_bug4_numeric_dates_only[1]" time="4.630" /><testcase classname="tests.test_measurement_record_signoff" name="test_bug4_numeric_dates_only[2]" time="4.239" /><testcase classname="tests.test_measurement_record_signoff" name="test_bug5_frontend_scrubber_inspection" time="0.164" /></testsuite></testsuites>