<?xml version="1.0" encoding="utf-8"?><testsuites name="pytest tests"><testsuite name="pytest" errors="0" failures="0" skipped="0" tests="8" time="3.585" timestamp="2026-05-30T14:53:17.709668+00:00" hostname="agent-env-4b7be3a6-4db1-4fba-8dbe-dc3149eaa820"><testcase classname="backend.tests.test_team_billing.TestBillingPlans" name="test_plans_have_correct_prices_and_seats" time="0.201" /><testcase classname="backend.tests.test_team_billing.TestEnterpriseCheckout" name="test_admin_checkout_enterprise_returns_unlimited_message" time="0.439" /><testcase classname="backend.tests.test_team_billing.TestEnterpriseCheckout" name="test_non_admin_checkout_enterprise_returns_contact_only" time="0.692" /><testcase classname="backend.tests.test_team_billing.TestTeamFlow" name="test_team_members_endpoint_shape" time="0.110" /><testcase classname="backend.tests.test_team_billing.TestTeamFlow" name="test_owner_lastActive_bumped_on_authed_calls" time="0.116" /><testcase classname="backend.tests.test_team_billing.TestTeamFlow" name="test_full_invite_accept_role_remove_cycle" time="1.612" /><testcase classname="backend.tests.test_team_billing.TestTeamFlow" name="test_accept_invalid_token" time="0.106" /><testcase classname="backend.tests.test_team_billing.TestProfileWhiteLabel" name="test_profile_accepts_companyLogo" time="0.230" /></testsuite></testsuites>