<?xml version="1.0" encoding="utf-8"?><testsuites name="pytest tests"><testsuite name="pytest" errors="0" failures="0" skipped="0" tests="7" time="29.769" timestamp="2026-05-31T22:25:08.066834+00:00" hostname="agent-env-4b7be3a6-4db1-4fba-8dbe-dc3149eaa820"><testcase classname="backend.tests.test_finance.TestCIS" name="test_cis_20pct_server_calc" time="0.772" /><testcase classname="backend.tests.test_finance.TestCIS" name="test_cis_30pct_server_calc" time="0.223" /><testcase classname="backend.tests.test_finance.TestCIS" name="test_cis_list_structure_and_backfill" time="0.411" /><testcase classname="backend.tests.test_finance.TestExpenses" name="test_expense_crud" time="0.488" /><testcase classname="backend.tests.test_finance.TestJobs" name="test_job_paid_and_disputed_status" time="0.517" /><testcase classname="backend.tests.test_finance.TestGenerateTone" name="test_rams_no_banned_words" time="27.285" /><testcase classname="backend.tests.test_finance.TestSafetyNetUnit" name="test_safety_net_replacements" time="0.000" /></testsuite></testsuites>