<?xml version="1.0" encoding="utf-8"?><testsuites name="pytest tests"><testsuite name="pytest" errors="0" failures="0" skipped="0" tests="8" time="47.883" timestamp="2026-05-25T17:27:41.486224+00:00" hostname="agent-env-4b7be3a6-4db1-4fba-8dbe-dc3149eaa820"><testcase classname="backend.tests.test_phase1ab_admin_refnumber.TestPlansShape" name="test_plans_unchanged_shape" time="0.281" /><testcase classname="backend.tests.test_phase1ab_admin_refnumber.TestAdminBypass" name="test_admin_login_returns_token" time="0.277" /><testcase classname="backend.tests.test_phase1ab_admin_refnumber.TestAdminBypass" name="test_admin_me_flags" time="0.325" /><testcase classname="backend.tests.test_phase1ab_admin_refnumber.TestAdminBypass" name="test_admin_billing_status_unlimited" time="0.051" /><testcase classname="backend.tests.test_phase1ab_admin_refnumber.TestGenerateAdminPhase1B" name="test_admin_generate_returns_refnumber_and_header" time="11.236" /><testcase classname="backend.tests.test_phase1ab_admin_refnumber.TestGenerateAdminPhase1B" name="test_admin_generation_auto_saved_to_vault" time="11.370" /><testcase classname="backend.tests.test_phase1ab_admin_refnumber.TestFreeTierIsolation" name="test_fresh_free_user_status_has_limits" time="0.437" /><testcase classname="backend.tests.test_phase1ab_admin_refnumber.TestFreeTierIsolation" name="test_fresh_free_user_hits_3_tool_cap" time="23.829" /></testsuite></testsuites>