<?xml version="1.0" encoding="utf-8"?><testsuites name="pytest tests"><testsuite name="pytest" errors="0" failures="0" skipped="0" tests="10" time="80.601" timestamp="2026-05-18T16:58:05.977931+00:00" hostname="agent-env-4b7be3a6-4db1-4fba-8dbe-dc3149eaa820"><testcase classname="backend.tests.test_billing_and_limits.TestPlans" name="test_plans_public" time="0.328" /><testcase classname="backend.tests.test_billing_and_limits.TestBillingFlows" name="test_status_for_free_user" time="0.548" /><testcase classname="backend.tests.test_billing_and_limits.TestBillingFlows" name="test_start_trial_activates_and_blocks_second" time="0.648" /><testcase classname="backend.tests.test_billing_and_limits.TestBillingFlows" name="test_checkout_returns_mock_url" time="0.521" /><testcase classname="backend.tests.test_billing_and_limits.TestBillingFlows" name="test_mock_complete_activates_plan_idempotent" time="0.773" /><testcase classname="backend.tests.test_billing_and_limits.TestBillingFlows" name="test_paid_user_can_generate" time="9.656" /><testcase classname="backend.tests.test_billing_and_limits.TestFreeTierEnforcement" name="test_three_tools_then_fourth_blocked" time="24.895" /><testcase classname="backend.tests.test_billing_and_limits.TestFreeTierEnforcement" name="test_doc_limit_with_repeated_tool" time="42.450" /><testcase classname="backend.tests.test_billing_and_limits.TestResendEmail" name="test_forgot_password_returns_email_sent_flag" time="0.588" /><testcase classname="backend.tests.test_billing_and_limits.TestResendEmail" name="test_forgot_password_nonexistent_email_no_token" time="0.106" /></testsuite></testsuites>