<?xml version="1.0" encoding="utf-8"?><testsuites name="pytest tests"><testsuite name="pytest" errors="0" failures="0" skipped="0" tests="6" time="13.187" timestamp="2026-05-28T05:16:56.983033+00:00" hostname="agent-env-4b7be3a6-4db1-4fba-8dbe-dc3149eaa820"><testcase classname="backend.tests.test_prompt2to9.TestAdminSignupNotification" name="test_fresh_signup_does_not_crash_due_to_admin_email" time="0.410" /><testcase classname="backend.tests.test_prompt2to9.TestVisionExtractEndpoint" name="test_endpoint_exists_and_requires_auth" time="0.053" /><testcase classname="backend.tests.test_prompt2to9.TestVisionExtractEndpoint" name="test_endpoint_accepts_valid_request_shape" time="2.846" /><testcase classname="backend.tests.test_prompt2to9.TestBillingStatusAdmin" name="test_admin_unlimited" time="0.139" /><testcase classname="backend.tests.test_prompt2to9.TestAuthMe" name="test_admin_me" time="0.105" /><testcase classname="backend.tests.test_prompt2to9.TestGenerateRegression" name="test_generate_variation_letter" time="9.563" /></testsuite></testsuites>