<?xml version="1.0" encoding="utf-8"?><testsuites name="pytest tests"><testsuite name="pytest" errors="0" failures="0" skipped="0" tests="9" time="37.319" timestamp="2026-09-07T18:37:10.257570+00:00" hostname="agent-env-4b7be3a6-4db1-4fba-8dbe-dc3149eaa820"><testcase classname="backend.tests.test_measurement_record_signoff" name="test_bug1_role_empty_no_placeholder[1]" time="6.052" /><testcase classname="backend.tests.test_measurement_record_signoff" name="test_bug1_role_empty_no_placeholder[2]" time="4.474" /><testcase classname="backend.tests.test_measurement_record_signoff" name="test_bug2_role_set_director[1]" time="4.547" /><testcase classname="backend.tests.test_measurement_record_signoff" name="test_bug2_role_set_director[2]" time="4.791" /><testcase classname="backend.tests.test_measurement_record_signoff" name="test_bug3_single_signoff[1]" time="4.373" /><testcase classname="backend.tests.test_measurement_record_signoff" name="test_bug3_single_signoff[2]" time="4.712" /><testcase classname="backend.tests.test_measurement_record_signoff" name="test_bug4_numeric_dates_only[1]" time="4.133" /><testcase classname="backend.tests.test_measurement_record_signoff" name="test_bug4_numeric_dates_only[2]" time="4.017" /><testcase classname="backend.tests.test_measurement_record_signoff" name="test_bug5_frontend_scrubber_inspection" time="0.148" /></testsuite></testsuites>