<?xml version="1.0" encoding="utf-8"?><testsuites name="pytest tests"><testsuite name="pytest" errors="0" failures="0" skipped="0" tests="9" time="2.256" timestamp="2026-08-02T21:47:38.549765+00:00" hostname="agent-env-4b7be3a6-4db1-4fba-8dbe-dc3149eaa820"><testcase classname="backend.tests.test_method_statement.TestMethodStatementTemplates" name="test_list_initial" time="0.778" /><testcase classname="backend.tests.test_method_statement.TestMethodStatementTemplates" name="test_create_valid" time="0.209" /><testcase classname="backend.tests.test_method_statement.TestMethodStatementTemplates" name="test_create_empty_name_400" time="0.132" /><testcase classname="backend.tests.test_method_statement.TestMethodStatementTemplates" name="test_create_empty_steps_400" time="0.109" /><testcase classname="backend.tests.test_method_statement.TestMethodStatementTemplates" name="test_delete_soft" time="0.211" /><testcase classname="backend.tests.test_method_statement.TestMethodStatementTemplates" name="test_delete_nonexistent_404" time="0.113" /><testcase classname="backend.tests.test_method_statement.TestMethodStatementTemplates" name="test_unauthorized" time="0.098" /><testcase classname="backend.tests.test_method_statement.TestMethodStatementDocumentSave" name="test_save_without_job" time="0.096" /><testcase classname="backend.tests.test_method_statement.TestMethodStatementDocumentSave" name="test_save_with_job_emits_event" time="0.442" /></testsuite></testsuites>