<?xml version="1.0" encoding="utf-8"?><testsuites name="pytest tests"><testsuite name="pytest" errors="0" failures="0" skipped="0" tests="10" time="2.519" timestamp="2026-08-04T19:09:39.482011+00:00" hostname="agent-env-4b7be3a6-4db1-4fba-8dbe-dc3149eaa820"><testcase classname="backend.tests.test_payment_tracker_v2" name="test_list_invoices_shows_seeded_data" time="1.353" /><testcase classname="backend.tests.test_payment_tracker_v2" name="test_overdue_status_live_derived" time="0.071" /><testcase classname="backend.tests.test_payment_tracker_v2" name="test_paid_invoice_status_and_balance" time="0.080" /><testcase classname="backend.tests.test_payment_tracker_v2" name="test_sent_invoice_has_balance_and_projectId" time="0.076" /><testcase classname="backend.tests.test_payment_tracker_v2" name="test_send_reminder" time="0.079" /><testcase classname="backend.tests.test_payment_tracker_v2" name="test_mark_as_paid_via_payment" time="0.145" /><testcase classname="backend.tests.test_payment_tracker_v2" name="test_job_stats" time="0.082" /><testcase classname="backend.tests.test_payment_tracker_v2" name="test_variation_orders_project_summary" time="0.075" /><testcase classname="backend.tests.test_payment_tracker_v2" name="test_afp_project_summary" time="0.076" /><testcase classname="backend.tests.test_payment_tracker_v2" name="test_invoices_filtered_by_project" time="0.395" /></testsuite></testsuites>