<?xml version="1.0" encoding="utf-8"?><testsuites name="pytest tests"><testsuite name="pytest" errors="0" failures="0" skipped="0" tests="20" time="5.087" timestamp="2026-08-01T13:10:21.713265+00:00" hostname="agent-env-4b7be3a6-4db1-4fba-8dbe-dc3149eaa820"><testcase classname="backend.tests.test_photo_vault.TestCategories" name="test_categories_public" time="0.117" /><testcase classname="backend.tests.test_photo_vault.TestAuthProtection" name="test_unauth_returns_401[GET-/media]" time="0.103" /><testcase classname="backend.tests.test_photo_vault.TestAuthProtection" name="test_unauth_returns_401[GET-/media/stats]" time="0.110" /><testcase classname="backend.tests.test_photo_vault.TestAuthProtection" name="test_unauth_returns_401[GET-/media/does-not-exist]" time="0.093" /><testcase classname="backend.tests.test_photo_vault.TestAuthProtection" name="test_unauth_returns_401[DELETE-/media/does-not-exist]" time="0.097" /><testcase classname="backend.tests.test_photo_vault.TestAuthProtection" name="test_patch_unauth" time="0.128" /><testcase classname="backend.tests.test_photo_vault.TestAuthProtection" name="test_post_unauth" time="0.092" /><testcase classname="backend.tests.test_photo_vault.TestUploadAndList" name="test_upload_response_shape" time="0.617" /><testcase classname="backend.tests.test_photo_vault.TestUploadAndList" name="test_list_contains_upload" time="0.106" /><testcase classname="backend.tests.test_photo_vault.TestUploadAndList" name="test_list_recent" time="0.097" /><testcase classname="backend.tests.test_photo_vault.TestUploadAndList" name="test_list_unassigned" time="0.093" /><testcase classname="backend.tests.test_photo_vault.TestUploadAndList" name="test_search_q" time="0.101" /><testcase classname="backend.tests.test_photo_vault.TestPatchAndFavourites" name="test_patch_updates" time="0.210" /><testcase classname="backend.tests.test_photo_vault.TestPatchAndFavourites" name="test_favourites_section" time="0.095" /><testcase classname="backend.tests.test_photo_vault.TestPatchAndFavourites" name="test_category_filter" time="0.091" /><testcase classname="backend.tests.test_photo_vault.TestFileStream" name="test_stream_original_with_query_token" time="0.168" /><testcase classname="backend.tests.test_photo_vault.TestFileStream" name="test_stream_requires_auth" time="0.112" /><testcase classname="backend.tests.test_photo_vault.TestUsage" name="test_add_and_remove_usage" time="0.391" /><testcase classname="backend.tests.test_photo_vault.TestDeleteProtection" name="test_delete_with_usage_requires_confirm" time="1.968" /><testcase classname="backend.tests.test_photo_vault.TestStats" name="test_stats_shape" time="0.202" /></testsuite></testsuites>