<?xml version="1.0" encoding="utf-8"?><testsuites name="pytest tests"><testsuite name="pytest" errors="0" failures="0" skipped="0" tests="33" time="10.694" timestamp="2026-08-04T19:39:34.878461+00:00" hostname="agent-env-4b7be3a6-4db1-4fba-8dbe-dc3149eaa820"><testcase classname="backend.tests.test_purchase_orders_v2.TestReference" name="test_reference_shape" time="0.557" /><testcase classname="backend.tests.test_purchase_orders_v2.TestCreate" name="test_create_ok_and_totals" time="0.216" /><testcase classname="backend.tests.test_purchase_orders_v2.TestCreate" name="test_create_requires_project" time="0.142" /><testcase classname="backend.tests.test_purchase_orders_v2.TestCreate" name="test_create_requires_supplier" time="0.143" /><testcase classname="backend.tests.test_purchase_orders_v2.TestCreate" name="test_po_ref_auto_sequential" time="0.297" /><testcase classname="backend.tests.test_purchase_orders_v2.TestList" name="test_list_and_filter" time="0.428" /><testcase classname="backend.tests.test_purchase_orders_v2.TestList" name="test_list_free_text_q" time="0.258" /><testcase classname="backend.tests.test_purchase_orders_v2.TestList" name="test_list_by_status" time="0.155" /><testcase classname="backend.tests.test_purchase_orders_v2.TestReadUpdate" name="test_get_returns_matched_and_delivery" time="0.326" /><testcase classname="backend.tests.test_purchase_orders_v2.TestReadUpdate" name="test_patch_recomputes_totals" time="0.269" /><testcase classname="backend.tests.test_purchase_orders_v2.TestReadUpdate" name="test_get_404" time="0.125" /><testcase classname="backend.tests.test_purchase_orders_v2.TestStatus" name="test_status_change_audit" time="0.274" /><testcase classname="backend.tests.test_purchase_orders_v2.TestStatus" name="test_status_invalid" time="0.260" /><testcase classname="backend.tests.test_purchase_orders_v2.TestDelivery" name="test_part_then_full_delivery" time="0.540" /><testcase classname="backend.tests.test_purchase_orders_v2.TestDelivery" name="test_goods_received_requires_lines" time="0.342" /><testcase classname="backend.tests.test_purchase_orders_v2.TestMatchInvoice" name="test_partial_then_full_and_auto_advance" time="1.275" /><testcase classname="backend.tests.test_purchase_orders_v2.TestMatchInvoice" name="test_match_invoice_rejects_zero_or_negative" time="0.378" /><testcase classname="backend.tests.test_purchase_orders_v2.TestMatchInvoice" name="test_unlink_matched_recomputes" time="0.424" /><testcase classname="backend.tests.test_purchase_orders_v2.TestStats" name="test_stats_shape" time="0.269" /><testcase classname="backend.tests.test_purchase_orders_v2.TestStats" name="test_project_summary" time="0.438" /><testcase classname="backend.tests.test_purchase_orders_v2.TestSuppliers" name="test_suppliers_aggregate_from_po" time="0.293" /><testcase classname="backend.tests.test_purchase_orders_v2.TestSuppliers" name="test_supplier_crud" time="0.262" /><testcase classname="backend.tests.test_purchase_orders_v2.TestSuppliers" name="test_supplier_requires_name" time="0.129" /><testcase classname="backend.tests.test_purchase_orders_v2.TestTemplates" name="test_template_roundtrip" time="0.430" /><testcase classname="backend.tests.test_purchase_orders_v2.TestIsolation" name="test_second_user_cannot_read_admin_po" time="0.641" /><testcase classname="backend.tests.test_purchase_orders_v2.TestGlobalSearchAndAttention" name="test_global_search_finds_po" time="0.470" /><testcase classname="backend.tests.test_purchase_orders_v2.TestGlobalSearchAndAttention" name="test_command_centre_attention_shape" time="0.414" /><testcase classname="backend.tests.test_purchase_orders_v2.TestPrevToolsUnbroken" name="test_prev_tools[/variation-orders/reference]" time="0.134" /><testcase classname="backend.tests.test_purchase_orders_v2.TestPrevToolsUnbroken" name="test_prev_tools[/applications-for-payment/reference]" time="0.119" /><testcase classname="backend.tests.test_purchase_orders_v2.TestPrevToolsUnbroken" name="test_prev_tools[/invoice-builder/reference]" time="0.144" /><testcase classname="backend.tests.test_purchase_orders_v2.TestPrevToolsUnbroken" name="test_prev_tools[/variation-orders/stats]" time="0.154" /><testcase classname="backend.tests.test_purchase_orders_v2.TestPrevToolsUnbroken" name="test_prev_tools[/applications-for-payment/stats]" time="0.140" /><testcase classname="backend.tests.test_purchase_orders_v2.TestPrevToolsUnbroken" name="test_prev_tools[/invoice-builder/stats]" time="0.128" /></testsuite></testsuites>