<?xml version="1.0" encoding="utf-8"?><testsuites name="pytest tests"><testsuite name="pytest" errors="0" failures="0" skipped="0" tests="13" time="25.020" timestamp="2026-05-17T22:32:53.992650+00:00" hostname="agent-env-4b7be3a6-4db1-4fba-8dbe-dc3149eaa820"><testcase classname="backend.tests.backend_test" name="test_health" time="0.131" /><testcase classname="backend.tests.backend_test.TestAuthFlow" name="test_signup_verify_login_full_flow" time="0.779" /><testcase classname="backend.tests.backend_test.TestAuthFlow" name="test_login_invalid_creds" time="0.284" /><testcase classname="backend.tests.backend_test.TestAuthFlow" name="test_login_unverified_account" time="0.548" /><testcase classname="backend.tests.backend_test.TestAuthRequired" name="test_me_no_token" time="0.050" /><testcase classname="backend.tests.backend_test.TestAuthRequired" name="test_me_invalid_token" time="0.058" /><testcase classname="backend.tests.backend_test.TestAuthRequired" name="test_documents_no_token" time="0.053" /><testcase classname="backend.tests.backend_test.TestAuthRequired" name="test_cis_no_token" time="0.051" /><testcase classname="backend.tests.backend_test.TestAuthRequired" name="test_generate_no_token" time="0.052" /><testcase classname="backend.tests.backend_test.TestProfile" name="test_profile_update_persists" time="0.384" /><testcase classname="backend.tests.backend_test.TestDocumentsCRUD" name="test_doc_crud_flow" time="0.232" /><testcase classname="backend.tests.backend_test.TestCISCrud" name="test_cis_crud_flow" time="0.223" /><testcase classname="backend.tests.backend_test.TestGenerate" name="test_generate_variation_letter" time="21.971" /></testsuite></testsuites>