<?xml version="1.0" encoding="utf-8"?><testsuites name="pytest tests"><testsuite name="pytest" errors="0" failures="0" skipped="0" tests="36" time="123.271" timestamp="2026-05-18T16:59:31.166284+00:00" hostname="agent-env-4b7be3a6-4db1-4fba-8dbe-dc3149eaa820"><testcase classname="backend.tests.backend_test" name="test_health" time="0.226" /><testcase classname="backend.tests.backend_test.TestAuthFlow" name="test_signup_verify_login_full_flow" time="0.908" /><testcase classname="backend.tests.backend_test.TestAuthFlow" name="test_login_invalid_creds" time="0.270" /><testcase classname="backend.tests.backend_test.TestAuthFlow" name="test_login_unverified_account" time="0.547" /><testcase classname="backend.tests.backend_test.TestAuthRequired" name="test_me_no_token" time="0.054" /><testcase classname="backend.tests.backend_test.TestAuthRequired" name="test_me_invalid_token" time="0.045" /><testcase classname="backend.tests.backend_test.TestAuthRequired" name="test_documents_no_token" time="0.055" /><testcase classname="backend.tests.backend_test.TestAuthRequired" name="test_cis_no_token" time="0.045" /><testcase classname="backend.tests.backend_test.TestAuthRequired" name="test_generate_no_token" time="0.053" /><testcase classname="backend.tests.backend_test.TestProfile" name="test_profile_update_persists" time="0.374" /><testcase classname="backend.tests.backend_test.TestDocumentsCRUD" name="test_doc_crud_flow" time="0.184" /><testcase classname="backend.tests.backend_test.TestCISCrud" name="test_cis_crud_flow" time="0.194" /><testcase classname="backend.tests.backend_test.TestGenerate" name="test_generate_variation_letter" time="30.334" /><testcase classname="backend.tests.test_billing_and_limits.TestPlans" name="test_plans_public" time="0.338" /><testcase classname="backend.tests.test_billing_and_limits.TestBillingFlows" name="test_status_for_free_user" time="0.429" /><testcase classname="backend.tests.test_billing_and_limits.TestBillingFlows" name="test_start_trial_activates_and_blocks_second" time="0.517" /><testcase classname="backend.tests.test_billing_and_limits.TestBillingFlows" name="test_checkout_returns_mock_url" time="0.430" /><testcase classname="backend.tests.test_billing_and_limits.TestBillingFlows" name="test_mock_complete_activates_plan_idempotent" time="0.614" /><testcase classname="backend.tests.test_billing_and_limits.TestBillingFlows" name="test_paid_user_can_generate" time="9.474" /><testcase classname="backend.tests.test_billing_and_limits.TestFreeTierEnforcement" name="test_three_tools_then_fourth_blocked" time="25.972" /><testcase classname="backend.tests.test_billing_and_limits.TestFreeTierEnforcement" name="test_doc_limit_with_repeated_tool" time="46.007" /><testcase classname="backend.tests.test_billing_and_limits.TestResendEmail" name="test_forgot_password_returns_email_sent_flag" time="0.420" /><testcase classname="backend.tests.test_billing_and_limits.TestResendEmail" name="test_forgot_password_nonexistent_email_no_token" time="0.049" /><testcase classname="backend.tests.test_email_password_reset.TestSignupEmail" name="test_signup_requires_email" time="0.168" /><testcase classname="backend.tests.test_email_password_reset.TestSignupEmail" name="test_signup_invalid_email_format" time="0.054" /><testcase classname="backend.tests.test_email_password_reset.TestSignupEmail" name="test_signup_persists_email_lowercased" time="0.343" /><testcase classname="backend.tests.test_email_password_reset.TestSignupEmail" name="test_signup_duplicate_email" time="0.387" /><testcase classname="backend.tests.test_email_password_reset.TestForgotPassword" name="test_forgot_password_existing_email_returns_demo_link" time="0.418" /><testcase classname="backend.tests.test_email_password_reset.TestForgotPassword" name="test_forgot_password_nonexistent_email_no_token_leak" time="0.055" /><testcase classname="backend.tests.test_email_password_reset.TestForgotPassword" name="test_forgot_password_case_insensitive" time="0.392" /><testcase classname="backend.tests.test_email_password_reset.TestResetPassword" name="test_reset_password_full_flow_and_session_invalidation" time="1.400" /><testcase classname="backend.tests.test_email_password_reset.TestResetPassword" name="test_reset_token_single_use" time="0.781" /><testcase classname="backend.tests.test_email_password_reset.TestResetPassword" name="test_reset_invalid_token" time="0.056" /><testcase classname="backend.tests.test_email_password_reset.TestResetPassword" name="test_reset_password_too_short" time="0.447" /><testcase classname="backend.tests.test_email_password_reset.TestResetPassword" name="test_reset_token_expiry_recorded" time="0.658" /><testcase classname="backend.tests.test_email_password_reset.TestProfileEmail" name="test_profile_update_email_persists" time="0.449" /></testsuite></testsuites>