<?xml version="1.0" encoding="utf-8"?><testsuites name="pytest tests"><testsuite name="pytest" errors="0" failures="0" skipped="0" tests="48" time="31.152" timestamp="2026-08-04T18:49:17.279211+00:00" hostname="agent-env-4b7be3a6-4db1-4fba-8dbe-dc3149eaa820"><testcase classname="backend.tests.test_release_readiness" name="test_v2_endpoint_responds_200[/api/site-diary/entries]" time="0.525" /><testcase classname="backend.tests.test_release_readiness" name="test_v2_endpoint_responds_200[/api/site-diary/stats]" time="0.141" /><testcase classname="backend.tests.test_release_readiness" name="test_v2_endpoint_responds_200[/api/site-diary/templates]" time="0.126" /><testcase classname="backend.tests.test_release_readiness" name="test_v2_endpoint_responds_200[/api/site-diary/reference]" time="0.158" /><testcase classname="backend.tests.test_release_readiness" name="test_v2_endpoint_responds_200[/api/incident-report/entries]" time="0.124" /><testcase classname="backend.tests.test_release_readiness" name="test_v2_endpoint_responds_200[/api/incident-report/stats]" time="0.149" /><testcase classname="backend.tests.test_release_readiness" name="test_v2_endpoint_responds_200[/api/incident-report/templates]" time="0.126" /><testcase classname="backend.tests.test_release_readiness" name="test_v2_endpoint_responds_200[/api/incident-report/reference]" time="0.144" /><testcase classname="backend.tests.test_release_readiness" name="test_v2_endpoint_responds_200[/api/risk-assessment/entries]" time="0.128" /><testcase classname="backend.tests.test_release_readiness" name="test_v2_endpoint_responds_200[/api/risk-assessment/stats]" time="0.194" /><testcase classname="backend.tests.test_release_readiness" name="test_v2_endpoint_responds_200[/api/risk-assessment/templates]" time="0.160" /><testcase classname="backend.tests.test_release_readiness" name="test_v2_endpoint_responds_200[/api/risk-assessment/reference]" time="0.138" /><testcase classname="backend.tests.test_release_readiness" name="test_v2_endpoint_responds_200[/api/quote-builder/quotes]" time="0.123" /><testcase classname="backend.tests.test_release_readiness" name="test_v2_endpoint_responds_200[/api/quote-builder/stats]" time="0.130" /><testcase classname="backend.tests.test_release_readiness" name="test_v2_endpoint_responds_200[/api/quote-builder/templates]" time="0.142" /><testcase classname="backend.tests.test_release_readiness" name="test_v2_endpoint_responds_200[/api/quote-builder/reference]" time="0.129" /><testcase classname="backend.tests.test_release_readiness" name="test_v2_endpoint_responds_200[/api/quote-builder/clients]" time="0.142" /><testcase classname="backend.tests.test_release_readiness" name="test_v2_endpoint_responds_200[/api/variation-orders/variation-orders]" time="0.136" /><testcase classname="backend.tests.test_release_readiness" name="test_v2_endpoint_responds_200[/api/variation-orders/stats]" time="0.129" /><testcase classname="backend.tests.test_release_readiness" name="test_v2_endpoint_responds_200[/api/variation-orders/templates]" time="0.164" /><testcase classname="backend.tests.test_release_readiness" name="test_v2_endpoint_responds_200[/api/variation-orders/reference]" time="0.140" /><testcase classname="backend.tests.test_release_readiness" name="test_v2_endpoint_responds_200[/api/applications-for-payment/applications]" time="0.132" /><testcase classname="backend.tests.test_release_readiness" name="test_v2_endpoint_responds_200[/api/applications-for-payment/stats]" time="0.135" /><testcase classname="backend.tests.test_release_readiness" name="test_v2_endpoint_responds_200[/api/applications-for-payment/templates]" time="0.127" /><testcase classname="backend.tests.test_release_readiness" name="test_v2_endpoint_responds_200[/api/applications-for-payment/reference]" time="0.143" /><testcase classname="backend.tests.test_release_readiness" name="test_v2_endpoint_responds_200[/api/invoice-builder/invoices]" time="0.138" /><testcase classname="backend.tests.test_release_readiness" name="test_v2_endpoint_responds_200[/api/invoice-builder/stats]" time="0.134" /><testcase classname="backend.tests.test_release_readiness" name="test_v2_endpoint_responds_200[/api/invoice-builder/templates]" time="0.125" /><testcase classname="backend.tests.test_release_readiness" name="test_v2_endpoint_responds_200[/api/invoice-builder/reference]" time="0.146" /><testcase classname="backend.tests.test_release_readiness" name="test_v2_endpoint_responds_200[/api/search?q=test]" time="0.143" /><testcase classname="backend.tests.test_release_readiness" name="test_v2_endpoint_responds_200[/api/attention]" time="0.153" /><testcase classname="backend.tests.test_release_readiness" name="test_v2_endpoint_responds_200[/api/jobs]" time="0.134" /><testcase classname="backend.tests.test_release_readiness" name="test_v2_endpoint_responds_200[/api/documents]" time="0.190" /><testcase classname="backend.tests.test_release_readiness" name="test_commercial_trilogy_end_to_end" time="1.404" /><testcase classname="backend.tests.test_release_readiness" name="test_search_deeplinks_contain_open_param" time="20.494" /><testcase classname="backend.tests.test_release_readiness" name="test_command_centre_surfaces_stale_variation" time="0.755" /><testcase classname="backend.tests.test_release_readiness" name="test_sparky_cannot_see_admin_projects" time="1.094" /><testcase classname="backend.tests.test_release_readiness" name="test_no_auth_returns_401_or_403[/api/variation-orders/variation-orders]" time="0.129" /><testcase classname="backend.tests.test_release_readiness" name="test_no_auth_returns_401_or_403[/api/invoice-builder/invoices]" time="0.341" /><testcase classname="backend.tests.test_release_readiness" name="test_no_auth_returns_401_or_403[/api/applications-for-payment/applications]" time="0.120" /><testcase classname="backend.tests.test_release_readiness" name="test_no_auth_returns_401_or_403[/api/attention]" time="0.124" /><testcase classname="backend.tests.test_release_readiness" name="test_stats_endpoint_perf[/api/site-diary/stats]" time="0.155" /><testcase classname="backend.tests.test_release_readiness" name="test_stats_endpoint_perf[/api/incident-report/stats]" time="0.148" /><testcase classname="backend.tests.test_release_readiness" name="test_stats_endpoint_perf[/api/risk-assessment/stats]" time="0.146" /><testcase classname="backend.tests.test_release_readiness" name="test_stats_endpoint_perf[/api/quote-builder/stats]" time="0.129" /><testcase classname="backend.tests.test_release_readiness" name="test_stats_endpoint_perf[/api/variation-orders/stats]" time="0.131" /><testcase classname="backend.tests.test_release_readiness" name="test_stats_endpoint_perf[/api/applications-for-payment/stats]" time="0.142" /><testcase classname="backend.tests.test_release_readiness" name="test_stats_endpoint_perf[/api/invoice-builder/stats]" time="0.704" /></testsuite></testsuites>