<?xml version="1.0" encoding="utf-8"?><testsuites name="pytest tests"><testsuite name="pytest" errors="0" failures="1" skipped="0" tests="9" time="3.266" timestamp="2026-08-03T10:56:31.410977+00:00" hostname="agent-env-4b7be3a6-4db1-4fba-8dbe-dc3149eaa820"><testcase classname="backend.tests.test_risk_assessment.TestReference" name="test_reference_shape" time="0.573" /><testcase classname="backend.tests.test_risk_assessment.TestRatingComputation" name="test_ratings_all_cases" time="0.094" /><testcase classname="backend.tests.test_risk_assessment.TestValidation" name="test_missing_activity_returns_400" time="0.098" /><testcase classname="backend.tests.test_risk_assessment.TestValidation" name="test_missing_assessment_date_returns_400" time="0.095" /><testcase classname="backend.tests.test_risk_assessment.TestPatchDelete" name="test_patch_recomputes_ratings" time="0.191" /><testcase classname="backend.tests.test_risk_assessment.TestPatchDelete" name="test_patch_missing_returns_404" time="0.093" /><testcase classname="backend.tests.test_risk_assessment.TestPatchDelete" name="test_delete_soft_deletes" time="0.394" /><testcase classname="backend.tests.test_risk_assessment.TestStats" name="test_stats_counts" time="0.857"><failure message="assert 2 == (0 + 1)">backend/tests/test_risk_assessment.py:224: in test_stats_counts
    assert after["highRisks"] == base["highRisks"] + 1  # e1 only (e2 is Closed)
    ^^^^^^^^^^^^^^^^^^^^^^^^^^^^^^^^^^^^^^^^^^^^^^^^^^
E   assert 2 == (0 + 1)</failure></testcase><testcase classname="backend.tests.test_risk_assessment.TestTemplates" name="test_template_crud" time="0.769" /></testsuite></testsuites>