<?xml version="1.0" encoding="utf-8"?><testsuites name="pytest tests"><testsuite name="pytest" errors="0" failures="0" skipped="0" tests="19" time="3.080" timestamp="2026-08-03T07:45:39.506069+00:00" hostname="agent-env-4b7be3a6-4db1-4fba-8dbe-dc3149eaa820"><testcase classname="backend.tests.test_site_diary.TestReference" name="test_reference_lists" time="0.308" /><testcase classname="backend.tests.test_site_diary.TestEntries" name="test_create_missing_date_400" time="0.447" /><testcase classname="backend.tests.test_site_diary.TestEntries" name="test_create_entry" time="0.101" /><testcase classname="backend.tests.test_site_diary.TestEntries" name="test_list_entries" time="0.112" /><testcase classname="backend.tests.test_site_diary.TestEntries" name="test_patch_partial_favourite" time="0.098" /><testcase classname="backend.tests.test_site_diary.TestEntries" name="test_patch_unknown_404" time="0.129" /><testcase classname="backend.tests.test_site_diary.TestEntries" name="test_stats" time="0.104" /><testcase classname="backend.tests.test_site_diary.TestEntries" name="test_delete_soft" time="0.214" /><testcase classname="backend.tests.test_site_diary.TestEntries" name="test_delete_missing_404" time="0.093" /><testcase classname="backend.tests.test_site_diary.TestIter19Fields" name="test_create_with_new_fields" time="0.103" /><testcase classname="backend.tests.test_site_diary.TestIter19Fields" name="test_get_persists_new_fields" time="0.096" /><testcase classname="backend.tests.test_site_diary.TestIter19Fields" name="test_patch_new_fields" time="0.093" /><testcase classname="backend.tests.test_site_diary.TestIter19Fields" name="test_stats_outstanding_actions" time="0.093" /><testcase classname="backend.tests.test_site_diary.TestIter19Fields" name="test_stats_outstanding_excludes_completed" time="0.410" /><testcase classname="backend.tests.test_site_diary.TestIter19Fields" name="test_cleanup" time="0.105" /><testcase classname="backend.tests.test_site_diary.TestTemplates" name="test_create_template" time="0.098" /><testcase classname="backend.tests.test_site_diary.TestTemplates" name="test_empty_name_400" time="0.092" /><testcase classname="backend.tests.test_site_diary.TestTemplates" name="test_list_templates" time="0.093" /><testcase classname="backend.tests.test_site_diary.TestTemplates" name="test_delete_template" time="0.205" /></testsuite></testsuites>