<?xml version="1.0" encoding="utf-8"?><testsuites name="pytest tests"><testsuite name="pytest" errors="0" failures="0" skipped="0" tests="13" time="2.128" timestamp="2026-08-03T05:28:46.872575+00:00" hostname="agent-env-4b7be3a6-4db1-4fba-8dbe-dc3149eaa820"><testcase classname="backend.tests.test_site_diary.TestReference" name="test_reference_lists" time="0.278" /><testcase classname="backend.tests.test_site_diary.TestEntries" name="test_create_missing_date_400" time="0.460" /><testcase classname="backend.tests.test_site_diary.TestEntries" name="test_create_entry" time="0.102" /><testcase classname="backend.tests.test_site_diary.TestEntries" name="test_list_entries" time="0.098" /><testcase classname="backend.tests.test_site_diary.TestEntries" name="test_patch_partial_favourite" time="0.105" /><testcase classname="backend.tests.test_site_diary.TestEntries" name="test_patch_unknown_404" time="0.099" /><testcase classname="backend.tests.test_site_diary.TestEntries" name="test_stats" time="0.101" /><testcase classname="backend.tests.test_site_diary.TestEntries" name="test_delete_soft" time="0.192" /><testcase classname="backend.tests.test_site_diary.TestEntries" name="test_delete_missing_404" time="0.131" /><testcase classname="backend.tests.test_site_diary.TestTemplates" name="test_create_template" time="0.098" /><testcase classname="backend.tests.test_site_diary.TestTemplates" name="test_empty_name_400" time="0.098" /><testcase classname="backend.tests.test_site_diary.TestTemplates" name="test_list_templates" time="0.102" /><testcase classname="backend.tests.test_site_diary.TestTemplates" name="test_delete_template" time="0.190" /></testsuite></testsuites>