<?xml version="1.0" encoding="utf-8"?><testsuites name="pytest tests"><testsuite name="pytest" errors="0" failures="0" skipped="0" tests="10" time="1.839" timestamp="2026-08-04T21:24:42.556585+00:00" hostname="agent-env-4b7be3a6-4db1-4fba-8dbe-dc3149eaa820"><testcase classname="backend.tests.test_snagging_v2.TestRegression" name="test_endpoint_ok[/contracts/reference]" time="0.496" /><testcase classname="backend.tests.test_snagging_v2.TestRegression" name="test_endpoint_ok[/contracts/stats]" time="0.131" /><testcase classname="backend.tests.test_snagging_v2.TestRegression" name="test_endpoint_ok[/purchase-orders/reference]" time="0.132" /><testcase classname="backend.tests.test_snagging_v2.TestRegression" name="test_endpoint_ok[/purchase-orders/stats]" time="0.133" /><testcase classname="backend.tests.test_snagging_v2.TestRegression" name="test_endpoint_ok[/invoice-builder/reference]" time="0.131" /><testcase classname="backend.tests.test_snagging_v2.TestRegression" name="test_endpoint_ok[/invoice-builder/stats]" time="0.133" /><testcase classname="backend.tests.test_snagging_v2.TestRegression" name="test_endpoint_ok[/applications-for-payment/reference]" time="0.138" /><testcase classname="backend.tests.test_snagging_v2.TestRegression" name="test_endpoint_ok[/applications-for-payment/stats]" time="0.157" /><testcase classname="backend.tests.test_snagging_v2.TestRegression" name="test_endpoint_ok[/variation-orders/reference]" time="0.150" /><testcase classname="backend.tests.test_snagging_v2.TestRegression" name="test_endpoint_ok[/variation-orders/stats]" time="0.130" /></testsuite></testsuites>