<?xml version="1.0" encoding="utf-8"?><testsuites name="pytest tests"><testsuite name="pytest" errors="0" failures="1" skipped="0" tests="19" time="3.084" timestamp="2026-08-02T22:19:23.333732+00:00" hostname="agent-env-4b7be3a6-4db1-4fba-8dbe-dc3149eaa820"><testcase classname="backend.tests.test_toolbox_coshh.TestToolboxTopics" name="test_topics_returns_16" time="0.286" /><testcase classname="backend.tests.test_toolbox_coshh.TestToolboxTopics" name="test_topics_include_specified_ids" time="0.113" /><testcase classname="backend.tests.test_toolbox_coshh.TestToolboxTemplates" name="test_create_template" time="0.462" /><testcase classname="backend.tests.test_toolbox_coshh.TestToolboxTemplates" name="test_list_templates_contains" time="0.098" /><testcase classname="backend.tests.test_toolbox_coshh.TestToolboxTemplates" name="test_create_template_empty_name_400" time="0.109" /><testcase classname="backend.tests.test_toolbox_coshh.TestToolboxTemplates" name="test_delete_template" time="0.211" /><testcase classname="backend.tests.test_toolbox_coshh.TestToolboxStats" name="test_stats_shape" time="0.101" /><testcase classname="backend.tests.test_toolbox_coshh.TestCoshhHazards" name="test_hazards_library" time="0.097" /><testcase classname="backend.tests.test_toolbox_coshh.TestCoshhAssessments" name="test_create_assessment" time="0.109" /><testcase classname="backend.tests.test_toolbox_coshh.TestCoshhAssessments" name="test_list_and_get_persisted" time="0.106" /><testcase classname="backend.tests.test_toolbox_coshh.TestCoshhAssessments" name="test_create_empty_productname_400" time="0.095" /><testcase classname="backend.tests.test_toolbox_coshh.TestCoshhAssessments" name="test_patch_assessment" time="0.099"><failure message="assert 422 == 200&#10; +  where 422 = &lt;Response [422]&gt;.status_code">backend/tests/test_toolbox_coshh.py:147: in test_patch_assessment
    assert r.status_code == 200
E   assert 422 == 200
E    +  where 422 = &lt;Response [422]&gt;.status_code</failure></testcase><testcase classname="backend.tests.test_toolbox_coshh.TestCoshhAssessments" name="test_stats" time="0.101" /><testcase classname="backend.tests.test_toolbox_coshh.TestCoshhAssessments" name="test_review_due_attention" time="0.202" /><testcase classname="backend.tests.test_toolbox_coshh.TestCoshhAssessments" name="test_delete_assessment" time="0.312" /><testcase classname="backend.tests.test_toolbox_coshh.TestCoshhAssessments" name="test_delete_missing_404" time="0.142" /><testcase classname="backend.tests.test_toolbox_coshh.TestCoshhTemplates" name="test_create_template" time="0.121" /><testcase classname="backend.tests.test_toolbox_coshh.TestCoshhTemplates" name="test_delete_template" time="0.106" /><testcase classname="backend.tests.test_toolbox_coshh.TestUnauth" name="test_templates_no_auth" time="0.103" /></testsuite></testsuites>