<?xml version="1.0" encoding="utf-8"?><testsuites name="pytest tests"><testsuite name="pytest" errors="0" failures="0" skipped="0" tests="43" time="9.584" timestamp="2026-08-04T21:46:03.737323+00:00" hostname="agent-env-4b7be3a6-4db1-4fba-8dbe-dc3149eaa820"><testcase classname="backend.tests.test_team_management_v2.TestReference" name="test_reference_shape" time="0.734" /><testcase classname="backend.tests.test_team_management_v2.TestDashboard" name="test_dashboard_shape" time="0.159" /><testcase classname="backend.tests.test_team_management_v2.TestMembersList" name="test_list_members" time="0.165" /><testcase classname="backend.tests.test_team_management_v2.TestMembersList" name="test_list_members_filter_q" time="0.600" /><testcase classname="backend.tests.test_team_management_v2.TestMembersList" name="test_list_members_filter_availability_no_match" time="0.158" /><testcase classname="backend.tests.test_team_management_v2.TestMembersList" name="test_list_members_filter_trade" time="0.162" /><testcase classname="backend.tests.test_team_management_v2.TestMemberProfile" name="test_get_member_by_id" time="0.220" /><testcase classname="backend.tests.test_team_management_v2.TestMemberProfile" name="test_get_unknown_member_404" time="0.168" /><testcase classname="backend.tests.test_team_management_v2.TestMemberProfile" name="test_patch_profile_updates" time="0.341" /><testcase classname="backend.tests.test_team_management_v2.TestJobRole" name="test_set_valid_job_role" time="0.172" /><testcase classname="backend.tests.test_team_management_v2.TestJobRole" name="test_set_invalid_job_role_400" time="0.170" /><testcase classname="backend.tests.test_team_management_v2.TestAvailability" name="test_set_valid_state" time="0.203" /><testcase classname="backend.tests.test_team_management_v2.TestAvailability" name="test_set_invalid_state_400" time="0.170" /><testcase classname="backend.tests.test_team_management_v2.TestAvailability" name="test_reset_to_available" time="0.182" /><testcase classname="backend.tests.test_team_management_v2.TestCertifications" name="test_add_cert_missing_type_400" time="0.176" /><testcase classname="backend.tests.test_team_management_v2.TestCertifications" name="test_add_expiring_cert_flips_kpi" time="0.160" /><testcase classname="backend.tests.test_team_management_v2.TestCertifications" name="test_add_expired_cert_flips_kpi" time="0.160" /><testcase classname="backend.tests.test_team_management_v2.TestCertifications" name="test_update_cert" time="0.165" /><testcase classname="backend.tests.test_team_management_v2.TestCertifications" name="test_update_unknown_cert_404" time="0.162" /><testcase classname="backend.tests.test_team_management_v2.TestCertifications" name="test_attention_includes_team_cert_kinds" time="0.176" /><testcase classname="backend.tests.test_team_management_v2.TestCertifications" name="test_delete_cert" time="0.492" /><testcase classname="backend.tests.test_team_management_v2.TestProjectAllocations" name="test_allocate_unknown_project_404" time="0.187" /><testcase classname="backend.tests.test_team_management_v2.TestProjectAllocations" name="test_allocate_project_and_upsert" time="0.514" /><testcase classname="backend.tests.test_team_management_v2.TestProjectAllocations" name="test_deallocate_project" time="0.177" /><testcase classname="backend.tests.test_team_management_v2.TestCrossUserIsolation" name="test_second_user_cannot_get_admin_member" time="0.546" /><testcase classname="backend.tests.test_team_management_v2.TestCrossUserIsolation" name="test_second_user_cannot_patch_admin_profile" time="0.159" /><testcase classname="backend.tests.test_team_management_v2.TestCrossUserIsolation" name="test_second_user_cannot_patch_admin_job_role" time="0.160" /><testcase classname="backend.tests.test_team_management_v2.TestExistingTeamEndpointsRegression" name="test_team_members_list" time="0.162" /><testcase classname="backend.tests.test_team_management_v2.TestExistingTeamEndpointsRegression" name="test_team_invite_requires_email" time="0.154" /><testcase classname="backend.tests.test_team_management_v2.TestOtherV2References" name="test_reference_endpoints_alive[/snagging/reference]" time="0.175" /><testcase classname="backend.tests.test_team_management_v2.TestOtherV2References" name="test_reference_endpoints_alive[/contracts/reference]" time="0.163" /><testcase classname="backend.tests.test_team_management_v2.TestOtherV2References" name="test_reference_endpoints_alive[/purchase-orders/reference]" time="0.164" /><testcase classname="backend.tests.test_team_management_v2.TestOtherV2References" name="test_reference_endpoints_alive[/invoice-builder/reference]" time="0.166" /><testcase classname="backend.tests.test_team_management_v2.TestOtherV2References" name="test_reference_endpoints_alive[/applications-for-payment/reference]" time="0.153" /><testcase classname="backend.tests.test_team_management_v2.TestOtherV2References" name="test_reference_endpoints_alive[/variation-orders/reference]" time="0.171" /><testcase classname="backend.tests.test_team_management_v2.TestOtherV2References" name="test_stats_endpoints_alive[/snagging/stats]" time="0.166" /><testcase classname="backend.tests.test_team_management_v2.TestOtherV2References" name="test_stats_endpoints_alive[/contracts/stats]" time="0.164" /><testcase classname="backend.tests.test_team_management_v2.TestOtherV2References" name="test_stats_endpoints_alive[/purchase-orders/stats]" time="0.156" /><testcase classname="backend.tests.test_team_management_v2.TestOtherV2References" name="test_stats_endpoints_alive[/invoice-builder/stats]" time="0.156" /><testcase classname="backend.tests.test_team_management_v2.TestOtherV2References" name="test_stats_endpoints_alive[/applications-for-payment/stats]" time="0.172" /><testcase classname="backend.tests.test_team_management_v2.TestOtherV2References" name="test_stats_endpoints_alive[/variation-orders/stats]" time="0.175" /><testcase classname="backend.tests.test_team_management_v2.TestZZZCleanup" name="test_cleanup_projects" time="0.162" /><testcase classname="backend.tests.test_team_management_v2.TestZZZCleanup" name="test_reset_admin_profile" time="0.167" /></testsuite></testsuites>