<?xml version="1.0" encoding="utf-8"?><testsuites name="pytest tests"><testsuite name="pytest" errors="0" failures="0" skipped="0" tests="11" time="2.576" timestamp="2026-08-03T20:15:01.994841+00:00" hostname="agent-env-4b7be3a6-4db1-4fba-8dbe-dc3149eaa820"><testcase classname="backend.tests.test_variation_orders.TestReferenceAndStats" name="test_reference" time="0.618" /><testcase classname="backend.tests.test_variation_orders.TestReferenceAndStats" name="test_stats_shape" time="0.065" /><testcase classname="backend.tests.test_variation_orders.TestCrud" name="test_create_computes_totals_and_ref" time="0.137" /><testcase classname="backend.tests.test_variation_orders.TestCrud" name="test_patch_status_and_approved_date_autostamped" time="0.133" /><testcase classname="backend.tests.test_variation_orders.TestCrud" name="test_list_filters_and_search" time="0.196" /><testcase classname="backend.tests.test_variation_orders.TestCrud" name="test_delete_soft" time="0.205" /><testcase classname="backend.tests.test_variation_orders.TestProjectRollup" name="test_project_summary_and_job_stats" time="0.347" /><testcase classname="backend.tests.test_variation_orders.TestProjectRollup" name="test_open_variations_count" time="0.198" /><testcase classname="backend.tests.test_variation_orders.TestTemplates" name="test_template_crud" time="0.133" /><testcase classname="backend.tests.test_variation_orders.TestAttention" name="test_attention_endpoint_no_error" time="0.067" /><testcase classname="backend.tests.test_variation_orders" name="test_cleanup" time="0.414" /></testsuite></testsuites>