<?xml version="1.0" encoding="utf-8"?><testsuites name="pytest tests"><testsuite name="pytest" errors="0" failures="0" skipped="0" tests="14" time="3.610" timestamp="2026-09-13T08:14:55.860236+00:00" hostname="agent-env-4b7be3a6-4db1-4fba-8dbe-dc3149eaa820"><testcase classname="backend.tests.test_variation_orders.TestReferenceAndStats" name="test_reference" time="0.622" /><testcase classname="backend.tests.test_variation_orders.TestReferenceAndStats" name="test_stats_shape" time="0.079" /><testcase classname="backend.tests.test_variation_orders.TestCrud" name="test_create_computes_totals_and_ref" time="0.167" /><testcase classname="backend.tests.test_variation_orders.TestCrud" name="test_patch_status_and_approved_date_autostamped" time="0.161" /><testcase classname="backend.tests.test_variation_orders.TestCrud" name="test_vo_status_01_revert_from_approved_clears_approval_metadata" time="0.246" /><testcase classname="backend.tests.test_variation_orders.TestCrud" name="test_vo_status_01_revert_to_rejected_also_clears_trio" time="0.180" /><testcase classname="backend.tests.test_variation_orders.TestCrud" name="test_vo_status_01_reapproving_restamps_today" time="0.169" /><testcase classname="backend.tests.test_variation_orders.TestCrud" name="test_list_filters_and_search" time="0.250" /><testcase classname="backend.tests.test_variation_orders.TestCrud" name="test_delete_soft" time="0.245" /><testcase classname="backend.tests.test_variation_orders.TestProjectRollup" name="test_project_summary_and_job_stats" time="0.425" /><testcase classname="backend.tests.test_variation_orders.TestProjectRollup" name="test_open_variations_count" time="0.254" /><testcase classname="backend.tests.test_variation_orders.TestTemplates" name="test_template_crud" time="0.158" /><testcase classname="backend.tests.test_variation_orders.TestAttention" name="test_attention_endpoint_no_error" time="0.090" /><testcase classname="backend.tests.test_variation_orders" name="test_cleanup" time="0.496" /></testsuite></testsuites>